Note: The APT repositories point towards the destination.

Running check 'Phase 1: Preparation'
=================
APT Repositories:
=================
Repos:
  No active apt repos in: /etc/apt/sources.list
  Active apt repos in: /etc/apt/sources.list.d/official-package-repositories.list
    1: deb http://packages.linuxmint.com wilma main upstream import backport
    2: deb http://archive.ubuntu.com/ubuntu noble main restricted universe multiverse
    3: deb http://archive.ubuntu.com/ubuntu noble-updates main restricted universe multiverse
    4: deb http://archive.ubuntu.com/ubuntu noble-backports main restricted universe multiverse
    5: deb http://security.ubuntu.com/ubuntu/ noble-security main restricted universe multiverse
  Active apt repos in: /etc/apt/sources.list.d/unit.list
    1: deb [signed-by=/usr/share/keyrings/nginx-keyring.gpg] https://packages.nginx.org/unit/ubuntu/ noble unit
    2: deb-src [signed-by=/usr/share/keyrings/nginx-keyring.gpg] https://packages.nginx.org/unit/ubuntu/ noble unit
=================

Running check 'Linux Mint version'
Check succeeded:  Linux Mint version

Running check 'Power source'
Check succeeded:  Power source

Running check 'System snapshots'
Check succeeded:  System snapshots

Running check 'Held packages'
Check succeeded:  Held packages

Running check 'Package repositories'
Mint repository last modified on 2025-10-07 18:50:59
Check succeeded:  Package repositories

Running check 'Phase 2: Simulation and download'
=================
APT Repositories:
=================
Repos:
  No active apt repos in: /etc/apt/sources.list
  Active apt repos in: /etc/apt/sources.list.d/official-package-repositories.list
    1: deb http://packages.linuxmint.com wilma main upstream import backport
    2: deb http://archive.ubuntu.com/ubuntu noble main restricted universe multiverse
    3: deb http://archive.ubuntu.com/ubuntu noble-updates main restricted universe multiverse
    4: deb http://archive.ubuntu.com/ubuntu noble-backports main restricted universe multiverse
    5: deb http://security.ubuntu.com/ubuntu/ noble-security main restricted universe multiverse
  Active apt repos in: /etc/apt/sources.list.d/unit.list
    1: deb [signed-by=/usr/share/keyrings/nginx-keyring.gpg] https://packages.nginx.org/unit/ubuntu/ noble unit
    2: deb-src [signed-by=/usr/share/keyrings/nginx-keyring.gpg] https://packages.nginx.org/unit/ubuntu/ noble unit
=================

Running check 'Package repositories'
http://packages.linuxmint.com already points to wilma
http://archive.ubuntu.com/ubuntu already points to noble
http://archive.ubuntu.com/ubuntu already points to noble-updates
http://archive.ubuntu.com/ubuntu already points to noble-backports
http://security.ubuntu.com/ubuntu/ already points to noble-security
https://packages.nginx.org/unit/ubuntu/ already points to noble
https://packages.nginx.org/unit/ubuntu/ already points to noble
Check succeeded:  Package repositories

Running check 'APT cache'
rm -rf /var/lib/apt/lists/*
DEBIAN_PRIORITY=critical apt-get update
Get:1 http://security.ubuntu.com/ubuntu noble-security InRelease [126 kB]
Get:2 http://archive.ubuntu.com/ubuntu noble InRelease [256 kB]
Get:3 https://packages.nginx.org/unit/ubuntu noble InRelease [2817 B]
Get:4 http://archive.ubuntu.com/ubuntu noble-updates InRelease [126 kB]
Get:5 https://packages.nginx.org/unit/ubuntu noble/unit amd64 Packages [13.0 kB]
Get:6 http://archive.ubuntu.com/ubuntu noble-backports InRelease [126 kB]
Ign:7 http://packages.linuxmint.com wilma InRelease
Get:8 http://security.ubuntu.com/ubuntu noble-security/main i386 Packages [335 kB]
Get:9 http://packages.linuxmint.com wilma Release [27.6 kB]
Get:10 http://security.ubuntu.com/ubuntu noble-security/main amd64 Packages [1213 kB]
Get:11 http://archive.ubuntu.com/ubuntu noble/main amd64 Packages [1401 kB]
Get:12 http://security.ubuntu.com/ubuntu noble-security/main Translation-en [202 kB]
Get:13 http://security.ubuntu.com/ubuntu noble-security/main amd64 Components [21.5 kB]
Get:14 http://security.ubuntu.com/ubuntu noble-security/main amd64 c-n-f Metadata [8748 B]
Get:15 http://security.ubuntu.com/ubuntu noble-security/restricted i386 Packages [20.5 kB]
Get:16 http://security.ubuntu.com/ubuntu noble-security/restricted amd64 Packages [1967 kB]
Get:17 http://security.ubuntu.com/ubuntu noble-security/restricted Translation-en [448 kB]
Get:18 http://packages.linuxmint.com wilma Release.gpg [833 B]
Get:19 http://security.ubuntu.com/ubuntu noble-security/restricted amd64 Components [208 B]
Get:20 http://security.ubuntu.com/ubuntu noble-security/restricted amd64 c-n-f Metadata [520 B]
Get:21 http://security.ubuntu.com/ubuntu noble-security/universe amd64 Packages [882 kB]
Get:22 http://security.ubuntu.com/ubuntu noble-security/universe i386 Packages [546 kB]
Get:23 http://security.ubuntu.com/ubuntu noble-security/universe Translation-en [196 kB]
Get:24 http://security.ubuntu.com/ubuntu noble-security/universe amd64 Components [52.2 kB]
Get:25 http://security.ubuntu.com/ubuntu noble-security/universe amd64 c-n-f Metadata [18.1 kB]
Get:26 http://security.ubuntu.com/ubuntu noble-security/multiverse amd64 Packages [28.0 kB]
Get:27 http://security.ubuntu.com/ubuntu noble-security/multiverse i386 Packages [6072 B]
Get:28 http://security.ubuntu.com/ubuntu noble-security/multiverse Translation-en [5844 B]
Get:29 http://security.ubuntu.com/ubuntu noble-security/multiverse amd64 Components [208 B]
Get:30 http://security.ubuntu.com/ubuntu noble-security/multiverse amd64 c-n-f Metadata [384 B]
Get:31 http://archive.ubuntu.com/ubuntu noble/main i386 Packages [1041 kB]
Get:32 http://packages.linuxmint.com wilma/main i386 Packages [17.1 kB]
Get:33 http://packages.linuxmint.com wilma/main amd64 Packages [17.7 kB]
Get:34 http://packages.linuxmint.com wilma/upstream amd64 Packages [51.3 kB]
Get:35 http://archive.ubuntu.com/ubuntu noble/main Translation-en [513 kB]
Get:36 http://archive.ubuntu.com/ubuntu noble/main amd64 Components [464 kB]
Get:37 http://archive.ubuntu.com/ubuntu noble/main amd64 c-n-f Metadata [30.5 kB]
Get:38 http://archive.ubuntu.com/ubuntu noble/restricted amd64 Packages [93.9 kB]
Get:39 http://packages.linuxmint.com wilma/upstream i386 Packages [21.2 kB]
Get:40 http://archive.ubuntu.com/ubuntu noble/restricted i386 Packages [14.7 kB]
Get:41 http://packages.linuxmint.com wilma/import amd64 Packages [5484 B]
Get:42 http://archive.ubuntu.com/ubuntu noble/restricted Translation-en [18.7 kB]
Get:43 http://archive.ubuntu.com/ubuntu noble/restricted amd64 c-n-f Metadata [416 B]
Get:44 http://archive.ubuntu.com/ubuntu noble/universe i386 Packages [8514 kB]
Get:45 http://packages.linuxmint.com wilma/import i386 Packages [3200 B]
Get:46 http://packages.linuxmint.com wilma/backport amd64 Packages [25.5 kB]
Get:47 http://packages.linuxmint.com wilma/backport i386 Packages [5644 B]
Get:48 http://archive.ubuntu.com/ubuntu noble/universe amd64 Packages [15.0 MB]
Get:49 http://archive.ubuntu.com/ubuntu noble/universe Translation-en [5982 kB]
Get:50 http://archive.ubuntu.com/ubuntu noble/universe amd64 Components [3871 kB]
Get:51 http://archive.ubuntu.com/ubuntu noble/universe amd64 c-n-f Metadata [301 kB]
Get:52 http://archive.ubuntu.com/ubuntu noble/multiverse amd64 Packages [269 kB]
Get:53 http://archive.ubuntu.com/ubuntu noble/multiverse i386 Packages [126 kB]
Get:54 http://archive.ubuntu.com/ubuntu noble/multiverse Translation-en [118 kB]
Get:55 http://archive.ubuntu.com/ubuntu noble/multiverse amd64 Components [35.0 kB]
Get:56 http://archive.ubuntu.com/ubuntu noble/multiverse amd64 c-n-f Metadata [8328 B]
Get:57 http://archive.ubuntu.com/ubuntu noble-updates/main amd64 Packages [1491 kB]
Get:58 http://archive.ubuntu.com/ubuntu noble-updates/main i386 Packages [535 kB]
Get:59 http://archive.ubuntu.com/ubuntu noble-updates/main Translation-en [287 kB]
Get:60 http://archive.ubuntu.com/ubuntu noble-updates/main amd64 Components [175 kB]
Get:61 http://archive.ubuntu.com/ubuntu noble-updates/main amd64 c-n-f Metadata [15.3 kB]
Get:62 http://archive.ubuntu.com/ubuntu noble-updates/restricted i386 Packages [22.8 kB]
Get:63 http://archive.ubuntu.com/ubuntu noble-updates/restricted amd64 Packages [2068 kB]
Get:64 http://archive.ubuntu.com/ubuntu noble-updates/restricted Translation-en [467 kB]
Get:65 http://archive.ubuntu.com/ubuntu noble-updates/restricted amd64 Components [212 B]
Get:66 http://archive.ubuntu.com/ubuntu noble-updates/restricted amd64 c-n-f Metadata [544 B]
Get:67 http://archive.ubuntu.com/ubuntu noble-updates/universe i386 Packages [985 kB]
Get:68 http://archive.ubuntu.com/ubuntu noble-updates/universe amd64 Packages [1489 kB]
Get:69 http://archive.ubuntu.com/ubuntu noble-updates/universe Translation-en [301 kB]
Get:70 http://archive.ubuntu.com/ubuntu noble-updates/universe amd64 Components [378 kB]
Get:71 http://archive.ubuntu.com/ubuntu noble-updates/universe amd64 c-n-f Metadata [31.1 kB]
Get:72 http://archive.ubuntu.com/ubuntu noble-updates/multiverse amd64 Packages [32.0 kB]
Get:73 http://archive.ubuntu.com/ubuntu noble-updates/multiverse i386 Packages [7236 B]
Get:74 http://archive.ubuntu.com/ubuntu noble-updates/multiverse Translation-en [6116 B]
Get:75 http://archive.ubuntu.com/ubuntu noble-updates/multiverse amd64 Components [940 B]
Get:76 http://archive.ubuntu.com/ubuntu noble-updates/multiverse amd64 c-n-f Metadata [488 B]
Get:77 http://archive.ubuntu.com/ubuntu noble-backports/main i386 Packages [33.0 kB]
Get:78 http://archive.ubuntu.com/ubuntu noble-backports/main amd64 Packages [40.4 kB]
Get:79 http://archive.ubuntu.com/ubuntu noble-backports/main Translation-en [9208 B]
Get:80 http://archive.ubuntu.com/ubuntu noble-backports/main amd64 Components [7136 B]
Get:81 http://archive.ubuntu.com/ubuntu noble-backports/main amd64 c-n-f Metadata [368 B]
Get:82 http://archive.ubuntu.com/ubuntu noble-backports/restricted amd64 Components [212 B]
Get:83 http://archive.ubuntu.com/ubuntu noble-backports/restricted amd64 c-n-f Metadata [116 B]
Get:84 http://archive.ubuntu.com/ubuntu noble-backports/universe amd64 Packages [28.9 kB]
Get:85 http://archive.ubuntu.com/ubuntu noble-backports/universe i386 Packages [15.8 kB]
Get:86 http://archive.ubuntu.com/ubuntu noble-backports/universe Translation-en [17.5 kB]
Get:87 http://archive.ubuntu.com/ubuntu noble-backports/universe amd64 Components [11.0 kB]
Get:88 http://archive.ubuntu.com/ubuntu noble-backports/universe amd64 c-n-f Metadata [1444 B]
Get:89 http://archive.ubuntu.com/ubuntu noble-backports/multiverse amd64 Components [212 B]
Get:90 http://archive.ubuntu.com/ubuntu noble-backports/multiverse amd64 c-n-f Metadata [116 B]
Fetched 53.1 MB in 10s (5268 kB/s)
Reading package lists...
Check succeeded:  APT cache

Running check 'Upgrade simulation'

Running check 'Upgrade simulation'

Running check 'Package download'
DEBIAN_FRONTEND=noninteractive DEBIAN_PRIORITY=critical apt-get dist-upgrade --download-only --yes
Reading package lists...
Building dependency tree...
Reading state information...
Calculating upgrade...
The following packages were automatically installed and are no longer required:
  linux-headers-6.8.0-49 linux-headers-6.8.0-49-generic linux-headers-6.8.0-51
  linux-headers-6.8.0-51-generic linux-headers-6.8.0-52
  linux-headers-6.8.0-52-generic linux-headers-6.8.0-55
  linux-headers-6.8.0-55-generic linux-headers-6.8.0-57
  linux-headers-6.8.0-57-generic linux-headers-6.8.0-58
  linux-headers-6.8.0-58-generic linux-headers-6.8.0-60
  linux-headers-6.8.0-60-generic linux-headers-6.8.0-62
  linux-headers-6.8.0-62-generic linux-headers-6.8.0-63
  linux-headers-6.8.0-63-generic linux-headers-6.8.0-64
  linux-headers-6.8.0-64-generic linux-headers-6.8.0-71
  linux-headers-6.8.0-71-generic linux-image-6.8.0-49-generic
  linux-image-6.8.0-51-generic linux-image-6.8.0-52-generic
  linux-image-6.8.0-55-generic linux-image-6.8.0-57-generic
  linux-image-6.8.0-58-generic linux-image-6.8.0-60-generic
  linux-image-6.8.0-62-generic linux-image-6.8.0-63-generic
  linux-image-6.8.0-64-generic linux-image-6.8.0-71-generic
  linux-modules-6.8.0-49-generic linux-modules-6.8.0-51-generic
  linux-modules-6.8.0-52-generic linux-modules-6.8.0-55-generic
  linux-modules-6.8.0-57-generic linux-modules-6.8.0-58-generic
  linux-modules-6.8.0-60-generic linux-modules-6.8.0-62-generic
  linux-modules-6.8.0-63-generic linux-modules-6.8.0-64-generic
  linux-modules-6.8.0-71-generic linux-modules-extra-6.8.0-49-generic
  linux-modules-extra-6.8.0-51-generic linux-modules-extra-6.8.0-52-generic
  linux-modules-extra-6.8.0-55-generic linux-modules-extra-6.8.0-57-generic
  linux-modules-extra-6.8.0-58-generic linux-modules-extra-6.8.0-60-generic
  linux-modules-extra-6.8.0-62-generic linux-modules-extra-6.8.0-63-generic
  linux-modules-extra-6.8.0-64-generic linux-modules-extra-6.8.0-71-generic
Use 'sudo apt autoremove' to remove them.
0 upgraded, 0 newly installed, 0 to remove and 0 not upgraded.
Check succeeded:  Package download

Running check 'Phase 3: Upgrade'
=================
APT Repositories:
=================
Repos:
  No active apt repos in: /etc/apt/sources.list
  Active apt repos in: /etc/apt/sources.list.d/official-package-repositories.list
    1: deb http://packages.linuxmint.com wilma main upstream import backport
    2: deb http://archive.ubuntu.com/ubuntu noble main restricted universe multiverse
    3: deb http://archive.ubuntu.com/ubuntu noble-updates main restricted universe multiverse
    4: deb http://archive.ubuntu.com/ubuntu noble-backports main restricted universe multiverse
    5: deb http://security.ubuntu.com/ubuntu/ noble-security main restricted universe multiverse
  Active apt repos in: /etc/apt/sources.list.d/unit.list
    1: deb [signed-by=/usr/share/keyrings/nginx-keyring.gpg] https://packages.nginx.org/unit/ubuntu/ noble unit
    2: deb-src [signed-by=/usr/share/keyrings/nginx-keyring.gpg] https://packages.nginx.org/unit/ubuntu/ noble unit
=================

Running check 'Session inhibition'
Check succeeded:  Session inhibition

Running check 'Upgrade preparation'
Saving /etc/fstab
Removing blacklisted packages
Check succeeded:  Upgrade preparation

Running check 'Upgrade phase'
DEBIAN_FRONTEND=noninteractive DEBIAN_PRIORITY=critical apt-get upgrade -fyq -o Dpkg::Options::="--force-confold" -o Dpkg::Options::="--force-overwrite"
mate-screensaver: no process found
Reading package lists...
Building dependency tree...
Reading state information...
Calculating upgrade...
The following packages were automatically installed and are no longer required:
  linux-headers-6.8.0-49 linux-headers-6.8.0-49-generic linux-headers-6.8.0-51
  linux-headers-6.8.0-51-generic linux-headers-6.8.0-52
  linux-headers-6.8.0-52-generic linux-headers-6.8.0-55
  linux-headers-6.8.0-55-generic linux-headers-6.8.0-57
  linux-headers-6.8.0-57-generic linux-headers-6.8.0-58
  linux-headers-6.8.0-58-generic linux-headers-6.8.0-60
  linux-headers-6.8.0-60-generic linux-headers-6.8.0-62
  linux-headers-6.8.0-62-generic linux-headers-6.8.0-63
  linux-headers-6.8.0-63-generic linux-headers-6.8.0-64
  linux-headers-6.8.0-64-generic linux-headers-6.8.0-71
  linux-headers-6.8.0-71-generic linux-image-6.8.0-49-generic
  linux-image-6.8.0-51-generic linux-image-6.8.0-52-generic
  linux-image-6.8.0-55-generic linux-image-6.8.0-57-generic
  linux-image-6.8.0-58-generic linux-image-6.8.0-60-generic
  linux-image-6.8.0-62-generic linux-image-6.8.0-63-generic
  linux-image-6.8.0-64-generic linux-image-6.8.0-71-generic
  linux-modules-6.8.0-49-generic linux-modules-6.8.0-51-generic
  linux-modules-6.8.0-52-generic linux-modules-6.8.0-55-generic
  linux-modules-6.8.0-57-generic linux-modules-6.8.0-58-generic
  linux-modules-6.8.0-60-generic linux-modules-6.8.0-62-generic
  linux-modules-6.8.0-63-generic linux-modules-6.8.0-64-generic
  linux-modules-6.8.0-71-generic linux-modules-extra-6.8.0-49-generic
  linux-modules-extra-6.8.0-51-generic linux-modules-extra-6.8.0-52-generic
  linux-modules-extra-6.8.0-55-generic linux-modules-extra-6.8.0-57-generic
  linux-modules-extra-6.8.0-58-generic linux-modules-extra-6.8.0-60-generic
  linux-modules-extra-6.8.0-62-generic linux-modules-extra-6.8.0-63-generic
  linux-modules-extra-6.8.0-64-generic linux-modules-extra-6.8.0-71-generic
Use 'sudo apt autoremove' to remove them.
0 upgraded, 0 newly installed, 0 to remove and 0 not upgraded.
DEBIAN_FRONTEND=noninteractive DEBIAN_PRIORITY=critical apt-get dist-upgrade -fyq -o Dpkg::Options::="--force-confold" -o Dpkg::Options::="--force-overwrite"
Reading package lists...
Building dependency tree...
Reading state information...
Calculating upgrade...
The following packages were automatically installed and are no longer required:
  linux-headers-6.8.0-49 linux-headers-6.8.0-49-generic linux-headers-6.8.0-51
  linux-headers-6.8.0-51-generic linux-headers-6.8.0-52
  linux-headers-6.8.0-52-generic linux-headers-6.8.0-55
  linux-headers-6.8.0-55-generic linux-headers-6.8.0-57
  linux-headers-6.8.0-57-generic linux-headers-6.8.0-58
  linux-headers-6.8.0-58-generic linux-headers-6.8.0-60
  linux-headers-6.8.0-60-generic linux-headers-6.8.0-62
  linux-headers-6.8.0-62-generic linux-headers-6.8.0-63
  linux-headers-6.8.0-63-generic linux-headers-6.8.0-64
  linux-headers-6.8.0-64-generic linux-headers-6.8.0-71
  linux-headers-6.8.0-71-generic linux-image-6.8.0-49-generic
  linux-image-6.8.0-51-generic linux-image-6.8.0-52-generic
  linux-image-6.8.0-55-generic linux-image-6.8.0-57-generic
  linux-image-6.8.0-58-generic linux-image-6.8.0-60-generic
  linux-image-6.8.0-62-generic linux-image-6.8.0-63-generic
  linux-image-6.8.0-64-generic linux-image-6.8.0-71-generic
  linux-modules-6.8.0-49-generic linux-modules-6.8.0-51-generic
  linux-modules-6.8.0-52-generic linux-modules-6.8.0-55-generic
  linux-modules-6.8.0-57-generic linux-modules-6.8.0-58-generic
  linux-modules-6.8.0-60-generic linux-modules-6.8.0-62-generic
  linux-modules-6.8.0-63-generic linux-modules-6.8.0-64-generic
  linux-modules-6.8.0-71-generic linux-modules-extra-6.8.0-49-generic
  linux-modules-extra-6.8.0-51-generic linux-modules-extra-6.8.0-52-generic
  linux-modules-extra-6.8.0-55-generic linux-modules-extra-6.8.0-57-generic
  linux-modules-extra-6.8.0-58-generic linux-modules-extra-6.8.0-60-generic
  linux-modules-extra-6.8.0-62-generic linux-modules-extra-6.8.0-63-generic
  linux-modules-extra-6.8.0-64-generic linux-modules-extra-6.8.0-71-generic
Use 'sudo apt autoremove' to remove them.
0 upgraded, 0 newly installed, 0 to remove and 0 not upgraded.
Check succeeded:  Upgrade phase

Running check 'Foreign packages'
Check succeeded:  Foreign packages

Running check 'Final phase'
Re-installing the meta-package
DEBIAN_FRONTEND=noninteractive DEBIAN_PRIORITY=critical apt-get install --yes --no-install-recommends mint-meta-xfce
Reading package lists...
Building dependency tree...
Reading state information...
mint-meta-xfce is already the newest version (2023.08.28+mint21.2).
The following packages were automatically installed and are no longer required:
  linux-headers-6.8.0-49 linux-headers-6.8.0-49-generic linux-headers-6.8.0-51
  linux-headers-6.8.0-51-generic linux-headers-6.8.0-52
  linux-headers-6.8.0-52-generic linux-headers-6.8.0-55
  linux-headers-6.8.0-55-generic linux-headers-6.8.0-57
  linux-headers-6.8.0-57-generic linux-headers-6.8.0-58
  linux-headers-6.8.0-58-generic linux-headers-6.8.0-60
  linux-headers-6.8.0-60-generic linux-headers-6.8.0-62
  linux-headers-6.8.0-62-generic linux-headers-6.8.0-63
  linux-headers-6.8.0-63-generic linux-headers-6.8.0-64
  linux-headers-6.8.0-64-generic linux-headers-6.8.0-71
  linux-headers-6.8.0-71-generic linux-image-6.8.0-49-generic
  linux-image-6.8.0-51-generic linux-image-6.8.0-52-generic
  linux-image-6.8.0-55-generic linux-image-6.8.0-57-generic
  linux-image-6.8.0-58-generic linux-image-6.8.0-60-generic
  linux-image-6.8.0-62-generic linux-image-6.8.0-63-generic
  linux-image-6.8.0-64-generic linux-image-6.8.0-71-generic
  linux-modules-6.8.0-49-generic linux-modules-6.8.0-51-generic
  linux-modules-6.8.0-52-generic linux-modules-6.8.0-55-generic
  linux-modules-6.8.0-57-generic linux-modules-6.8.0-58-generic
  linux-modules-6.8.0-60-generic linux-modules-6.8.0-62-generic
  linux-modules-6.8.0-63-generic linux-modules-6.8.0-64-generic
  linux-modules-6.8.0-71-generic linux-modules-extra-6.8.0-49-generic
  linux-modules-extra-6.8.0-51-generic linux-modules-extra-6.8.0-52-generic
  linux-modules-extra-6.8.0-55-generic linux-modules-extra-6.8.0-57-generic
  linux-modules-extra-6.8.0-58-generic linux-modules-extra-6.8.0-60-generic
  linux-modules-extra-6.8.0-62-generic linux-modules-extra-6.8.0-63-generic
  linux-modules-extra-6.8.0-64-generic linux-modules-extra-6.8.0-71-generic
Use 'sudo apt autoremove' to remove them.
0 upgraded, 0 newly installed, 0 to remove and 0 not upgraded.
Re-installing the multimedia codecs
DEBIAN_FRONTEND=noninteractive DEBIAN_PRIORITY=critical apt-get install --yes --no-install-recommends mint-meta-codecs
Reading package lists...
Building dependency tree...
Reading state information...
mint-meta-codecs is already the newest version (2023.08.28+mint21.2).
The following packages were automatically installed and are no longer required:
  linux-headers-6.8.0-49 linux-headers-6.8.0-49-generic linux-headers-6.8.0-51
  linux-headers-6.8.0-51-generic linux-headers-6.8.0-52
  linux-headers-6.8.0-52-generic linux-headers-6.8.0-55
  linux-headers-6.8.0-55-generic linux-headers-6.8.0-57
  linux-headers-6.8.0-57-generic linux-headers-6.8.0-58
  linux-headers-6.8.0-58-generic linux-headers-6.8.0-60
  linux-headers-6.8.0-60-generic linux-headers-6.8.0-62
  linux-headers-6.8.0-62-generic linux-headers-6.8.0-63
  linux-headers-6.8.0-63-generic linux-headers-6.8.0-64
  linux-headers-6.8.0-64-generic linux-headers-6.8.0-71
  linux-headers-6.8.0-71-generic linux-image-6.8.0-49-generic
  linux-image-6.8.0-51-generic linux-image-6.8.0-52-generic
  linux-image-6.8.0-55-generic linux-image-6.8.0-57-generic
  linux-image-6.8.0-58-generic linux-image-6.8.0-60-generic
  linux-image-6.8.0-62-generic linux-image-6.8.0-63-generic
  linux-image-6.8.0-64-generic linux-image-6.8.0-71-generic
  linux-modules-6.8.0-49-generic linux-modules-6.8.0-51-generic
  linux-modules-6.8.0-52-generic linux-modules-6.8.0-55-generic
  linux-modules-6.8.0-57-generic linux-modules-6.8.0-58-generic
  linux-modules-6.8.0-60-generic linux-modules-6.8.0-62-generic
  linux-modules-6.8.0-63-generic linux-modules-6.8.0-64-generic
  linux-modules-6.8.0-71-generic linux-modules-extra-6.8.0-49-generic
  linux-modules-extra-6.8.0-51-generic linux-modules-extra-6.8.0-52-generic
  linux-modules-extra-6.8.0-55-generic linux-modules-extra-6.8.0-57-generic
  linux-modules-extra-6.8.0-58-generic linux-modules-extra-6.8.0-60-generic
  linux-modules-extra-6.8.0-62-generic linux-modules-extra-6.8.0-63-generic
  linux-modules-extra-6.8.0-64-generic linux-modules-extra-6.8.0-71-generic
Use 'sudo apt autoremove' to remove them.
0 upgraded, 0 newly installed, 0 to remove and 0 not upgraded.
Installing new packages
Installing new packages for Xfce as well
DEBIAN_FRONTEND=noninteractive DEBIAN_PRIORITY=critical apt-get install --yes --no-install-recommends celluloid fonts-noto-core gnome-online-accounts-gtk hplip hypnotix pipewire-alsa pipewire-audio pipewire-pulse simple-scan systemd-timesyncd wireplumber xapp-jxl-thumbnailer xcvt yt-dlp zstd
Reading package lists...
Building dependency tree...
Reading state information...
celluloid is already the newest version (0.21+mint2+wilma).
fonts-noto-core is already the newest version (20201225-2).
gnome-online-accounts-gtk is already the newest version (3.50.4+wilma).
hplip is already the newest version (3.23.12+dfsg0-0ubuntu5).
hypnotix is already the newest version (4.6).
pipewire-alsa is already the newest version (1.0.5-1ubuntu3.1).
pipewire-audio is already the newest version (1.0.5-1ubuntu3.1).
pipewire-pulse is already the newest version (1.0.5-1ubuntu3.1).
simple-scan is already the newest version (44.0-1+wilma).
systemd-timesyncd is already the newest version (255.4-1ubuntu8.11).
wireplumber is already the newest version (0.4.17-1ubuntu4.1).
xapp-jxl-thumbnailer is already the newest version (1.2.5).
xcvt is already the newest version (0.1.2-1build1).
yt-dlp is already the newest version (2024.04.09-1).
zstd is already the newest version (1.5.5+dfsg2-2build1.1).
The following packages were automatically installed and are no longer required:
  linux-headers-6.8.0-49 linux-headers-6.8.0-49-generic linux-headers-6.8.0-51
  linux-headers-6.8.0-51-generic linux-headers-6.8.0-52
  linux-headers-6.8.0-52-generic linux-headers-6.8.0-55
  linux-headers-6.8.0-55-generic linux-headers-6.8.0-57
  linux-headers-6.8.0-57-generic linux-headers-6.8.0-58
  linux-headers-6.8.0-58-generic linux-headers-6.8.0-60
  linux-headers-6.8.0-60-generic linux-headers-6.8.0-62
  linux-headers-6.8.0-62-generic linux-headers-6.8.0-63
  linux-headers-6.8.0-63-generic linux-headers-6.8.0-64
  linux-headers-6.8.0-64-generic linux-headers-6.8.0-71
  linux-headers-6.8.0-71-generic linux-image-6.8.0-49-generic
  linux-image-6.8.0-51-generic linux-image-6.8.0-52-generic
  linux-image-6.8.0-55-generic linux-image-6.8.0-57-generic
  linux-image-6.8.0-58-generic linux-image-6.8.0-60-generic
  linux-image-6.8.0-62-generic linux-image-6.8.0-63-generic
  linux-image-6.8.0-64-generic linux-image-6.8.0-71-generic
  linux-modules-6.8.0-49-generic linux-modules-6.8.0-51-generic
  linux-modules-6.8.0-52-generic linux-modules-6.8.0-55-generic
  linux-modules-6.8.0-57-generic linux-modules-6.8.0-58-generic
  linux-modules-6.8.0-60-generic linux-modules-6.8.0-62-generic
  linux-modules-6.8.0-63-generic linux-modules-6.8.0-64-generic
  linux-modules-6.8.0-71-generic linux-modules-extra-6.8.0-49-generic
  linux-modules-extra-6.8.0-51-generic linux-modules-extra-6.8.0-52-generic
  linux-modules-extra-6.8.0-55-generic linux-modules-extra-6.8.0-57-generic
  linux-modules-extra-6.8.0-58-generic linux-modules-extra-6.8.0-60-generic
  linux-modules-extra-6.8.0-62-generic linux-modules-extra-6.8.0-63-generic
  linux-modules-extra-6.8.0-64-generic linux-modules-extra-6.8.0-71-generic
Use 'sudo apt autoremove' to remove them.
0 upgraded, 0 newly installed, 0 to remove and 0 not upgraded.
Installing kernel meta
DEBIAN_FRONTEND=noninteractive DEBIAN_PRIORITY=critical apt-get install --yes --no-install-recommends linux-generic
Reading package lists...
Building dependency tree...
Reading state information...
linux-generic is already the newest version (6.8.0-85.85).
The following packages were automatically installed and are no longer required:
  linux-headers-6.8.0-49 linux-headers-6.8.0-49-generic linux-headers-6.8.0-51
  linux-headers-6.8.0-51-generic linux-headers-6.8.0-52
  linux-headers-6.8.0-52-generic linux-headers-6.8.0-55
  linux-headers-6.8.0-55-generic linux-headers-6.8.0-57
  linux-headers-6.8.0-57-generic linux-headers-6.8.0-58
  linux-headers-6.8.0-58-generic linux-headers-6.8.0-60
  linux-headers-6.8.0-60-generic linux-headers-6.8.0-62
  linux-headers-6.8.0-62-generic linux-headers-6.8.0-63
  linux-headers-6.8.0-63-generic linux-headers-6.8.0-64
  linux-headers-6.8.0-64-generic linux-headers-6.8.0-71
  linux-headers-6.8.0-71-generic linux-image-6.8.0-49-generic
  linux-image-6.8.0-51-generic linux-image-6.8.0-52-generic
  linux-image-6.8.0-55-generic linux-image-6.8.0-57-generic
  linux-image-6.8.0-58-generic linux-image-6.8.0-60-generic
  linux-image-6.8.0-62-generic linux-image-6.8.0-63-generic
  linux-image-6.8.0-64-generic linux-image-6.8.0-71-generic
  linux-modules-6.8.0-49-generic linux-modules-6.8.0-51-generic
  linux-modules-6.8.0-52-generic linux-modules-6.8.0-55-generic
  linux-modules-6.8.0-57-generic linux-modules-6.8.0-58-generic
  linux-modules-6.8.0-60-generic linux-modules-6.8.0-62-generic
  linux-modules-6.8.0-63-generic linux-modules-6.8.0-64-generic
  linux-modules-6.8.0-71-generic linux-modules-extra-6.8.0-49-generic
  linux-modules-extra-6.8.0-51-generic linux-modules-extra-6.8.0-52-generic
  linux-modules-extra-6.8.0-55-generic linux-modules-extra-6.8.0-57-generic
  linux-modules-extra-6.8.0-58-generic linux-modules-extra-6.8.0-60-generic
  linux-modules-extra-6.8.0-62-generic linux-modules-extra-6.8.0-63-generic
  linux-modules-extra-6.8.0-64-generic linux-modules-extra-6.8.0-71-generic
Use 'sudo apt autoremove' to remove them.
0 upgraded, 0 newly installed, 0 to remove and 0 not upgraded.
Removing obsolete packages
DEBIAN_FRONTEND=noninteractive DEBIAN_PRIORITY=critical apt-get purge --yes gnome-font-viewer
Reading package lists...
Building dependency tree...
Reading state information...
Package 'gnome-font-viewer' is not installed, so not removed
The following packages were automatically installed and are no longer required:
  linux-headers-6.8.0-49 linux-headers-6.8.0-49-generic linux-headers-6.8.0-51
  linux-headers-6.8.0-51-generic linux-headers-6.8.0-52
  linux-headers-6.8.0-52-generic linux-headers-6.8.0-55
  linux-headers-6.8.0-55-generic linux-headers-6.8.0-57
  linux-headers-6.8.0-57-generic linux-headers-6.8.0-58
  linux-headers-6.8.0-58-generic linux-headers-6.8.0-60
  linux-headers-6.8.0-60-generic linux-headers-6.8.0-62
  linux-headers-6.8.0-62-generic linux-headers-6.8.0-63
  linux-headers-6.8.0-63-generic linux-headers-6.8.0-64
  linux-headers-6.8.0-64-generic linux-headers-6.8.0-71
  linux-headers-6.8.0-71-generic linux-image-6.8.0-49-generic
  linux-image-6.8.0-51-generic linux-image-6.8.0-52-generic
  linux-image-6.8.0-55-generic linux-image-6.8.0-57-generic
  linux-image-6.8.0-58-generic linux-image-6.8.0-60-generic
  linux-image-6.8.0-62-generic linux-image-6.8.0-63-generic
  linux-image-6.8.0-64-generic linux-image-6.8.0-71-generic
  linux-modules-6.8.0-49-generic linux-modules-6.8.0-51-generic
  linux-modules-6.8.0-52-generic linux-modules-6.8.0-55-generic
  linux-modules-6.8.0-57-generic linux-modules-6.8.0-58-generic
  linux-modules-6.8.0-60-generic linux-modules-6.8.0-62-generic
  linux-modules-6.8.0-63-generic linux-modules-6.8.0-64-generic
  linux-modules-6.8.0-71-generic linux-modules-extra-6.8.0-49-generic
  linux-modules-extra-6.8.0-51-generic linux-modules-extra-6.8.0-52-generic
  linux-modules-extra-6.8.0-55-generic linux-modules-extra-6.8.0-57-generic
  linux-modules-extra-6.8.0-58-generic linux-modules-extra-6.8.0-60-generic
  linux-modules-extra-6.8.0-62-generic linux-modules-extra-6.8.0-63-generic
  linux-modules-extra-6.8.0-64-generic linux-modules-extra-6.8.0-71-generic
Use 'sudo apt autoremove' to remove them.
0 upgraded, 0 newly installed, 0 to remove and 0 not upgraded.
DEBIAN_FRONTEND=noninteractive DEBIAN_PRIORITY=critical apt-get purge --yes gnome-logs
Reading package lists...
Building dependency tree...
Reading state information...
Package 'gnome-logs' is not installed, so not removed
The following packages were automatically installed and are no longer required:
  linux-headers-6.8.0-49 linux-headers-6.8.0-49-generic linux-headers-6.8.0-51
  linux-headers-6.8.0-51-generic linux-headers-6.8.0-52
  linux-headers-6.8.0-52-generic linux-headers-6.8.0-55
  linux-headers-6.8.0-55-generic linux-headers-6.8.0-57
  linux-headers-6.8.0-57-generic linux-headers-6.8.0-58
  linux-headers-6.8.0-58-generic linux-headers-6.8.0-60
  linux-headers-6.8.0-60-generic linux-headers-6.8.0-62
  linux-headers-6.8.0-62-generic linux-headers-6.8.0-63
  linux-headers-6.8.0-63-generic linux-headers-6.8.0-64
  linux-headers-6.8.0-64-generic linux-headers-6.8.0-71
  linux-headers-6.8.0-71-generic linux-image-6.8.0-49-generic
  linux-image-6.8.0-51-generic linux-image-6.8.0-52-generic
  linux-image-6.8.0-55-generic linux-image-6.8.0-57-generic
  linux-image-6.8.0-58-generic linux-image-6.8.0-60-generic
  linux-image-6.8.0-62-generic linux-image-6.8.0-63-generic
  linux-image-6.8.0-64-generic linux-image-6.8.0-71-generic
  linux-modules-6.8.0-49-generic linux-modules-6.8.0-51-generic
  linux-modules-6.8.0-52-generic linux-modules-6.8.0-55-generic
  linux-modules-6.8.0-57-generic linux-modules-6.8.0-58-generic
  linux-modules-6.8.0-60-generic linux-modules-6.8.0-62-generic
  linux-modules-6.8.0-63-generic linux-modules-6.8.0-64-generic
  linux-modules-6.8.0-71-generic linux-modules-extra-6.8.0-49-generic
  linux-modules-extra-6.8.0-51-generic linux-modules-extra-6.8.0-52-generic
  linux-modules-extra-6.8.0-55-generic linux-modules-extra-6.8.0-57-generic
  linux-modules-extra-6.8.0-58-generic linux-modules-extra-6.8.0-60-generic
  linux-modules-extra-6.8.0-62-generic linux-modules-extra-6.8.0-63-generic
  linux-modules-extra-6.8.0-64-generic linux-modules-extra-6.8.0-71-generic
Use 'sudo apt autoremove' to remove them.
0 upgraded, 0 newly installed, 0 to remove and 0 not upgraded.
DEBIAN_FRONTEND=noninteractive DEBIAN_PRIORITY=critical apt-get purge --yes gstreamer1.0-pulseaudio
Reading package lists...
Building dependency tree...
Reading state information...
Package 'gstreamer1.0-pulseaudio' is not installed, so not removed
The following packages were automatically installed and are no longer required:
  linux-headers-6.8.0-49 linux-headers-6.8.0-49-generic linux-headers-6.8.0-51
  linux-headers-6.8.0-51-generic linux-headers-6.8.0-52
  linux-headers-6.8.0-52-generic linux-headers-6.8.0-55
  linux-headers-6.8.0-55-generic linux-headers-6.8.0-57
  linux-headers-6.8.0-57-generic linux-headers-6.8.0-58
  linux-headers-6.8.0-58-generic linux-headers-6.8.0-60
  linux-headers-6.8.0-60-generic linux-headers-6.8.0-62
  linux-headers-6.8.0-62-generic linux-headers-6.8.0-63
  linux-headers-6.8.0-63-generic linux-headers-6.8.0-64
  linux-headers-6.8.0-64-generic linux-headers-6.8.0-71
  linux-headers-6.8.0-71-generic linux-image-6.8.0-49-generic
  linux-image-6.8.0-51-generic linux-image-6.8.0-52-generic
  linux-image-6.8.0-55-generic linux-image-6.8.0-57-generic
  linux-image-6.8.0-58-generic linux-image-6.8.0-60-generic
  linux-image-6.8.0-62-generic linux-image-6.8.0-63-generic
  linux-image-6.8.0-64-generic linux-image-6.8.0-71-generic
  linux-modules-6.8.0-49-generic linux-modules-6.8.0-51-generic
  linux-modules-6.8.0-52-generic linux-modules-6.8.0-55-generic
  linux-modules-6.8.0-57-generic linux-modules-6.8.0-58-generic
  linux-modules-6.8.0-60-generic linux-modules-6.8.0-62-generic
  linux-modules-6.8.0-63-generic linux-modules-6.8.0-64-generic
  linux-modules-6.8.0-71-generic linux-modules-extra-6.8.0-49-generic
  linux-modules-extra-6.8.0-51-generic linux-modules-extra-6.8.0-52-generic
  linux-modules-extra-6.8.0-55-generic linux-modules-extra-6.8.0-57-generic
  linux-modules-extra-6.8.0-58-generic linux-modules-extra-6.8.0-60-generic
  linux-modules-extra-6.8.0-62-generic linux-modules-extra-6.8.0-63-generic
  linux-modules-extra-6.8.0-64-generic linux-modules-extra-6.8.0-71-generic
Use 'sudo apt autoremove' to remove them.
0 upgraded, 0 newly installed, 0 to remove and 0 not upgraded.
DEBIAN_FRONTEND=noninteractive DEBIAN_PRIORITY=critical apt-get purge --yes ntp
Reading package lists...
Building dependency tree...
Reading state information...
Package 'ntp' is not installed, so not removed
The following packages were automatically installed and are no longer required:
  linux-headers-6.8.0-49 linux-headers-6.8.0-49-generic linux-headers-6.8.0-51
  linux-headers-6.8.0-51-generic linux-headers-6.8.0-52
  linux-headers-6.8.0-52-generic linux-headers-6.8.0-55
  linux-headers-6.8.0-55-generic linux-headers-6.8.0-57
  linux-headers-6.8.0-57-generic linux-headers-6.8.0-58
  linux-headers-6.8.0-58-generic linux-headers-6.8.0-60
  linux-headers-6.8.0-60-generic linux-headers-6.8.0-62
  linux-headers-6.8.0-62-generic linux-headers-6.8.0-63
  linux-headers-6.8.0-63-generic linux-headers-6.8.0-64
  linux-headers-6.8.0-64-generic linux-headers-6.8.0-71
  linux-headers-6.8.0-71-generic linux-image-6.8.0-49-generic
  linux-image-6.8.0-51-generic linux-image-6.8.0-52-generic
  linux-image-6.8.0-55-generic linux-image-6.8.0-57-generic
  linux-image-6.8.0-58-generic linux-image-6.8.0-60-generic
  linux-image-6.8.0-62-generic linux-image-6.8.0-63-generic
  linux-image-6.8.0-64-generic linux-image-6.8.0-71-generic
  linux-modules-6.8.0-49-generic linux-modules-6.8.0-51-generic
  linux-modules-6.8.0-52-generic linux-modules-6.8.0-55-generic
  linux-modules-6.8.0-57-generic linux-modules-6.8.0-58-generic
  linux-modules-6.8.0-60-generic linux-modules-6.8.0-62-generic
  linux-modules-6.8.0-63-generic linux-modules-6.8.0-64-generic
  linux-modules-6.8.0-71-generic linux-modules-extra-6.8.0-49-generic
  linux-modules-extra-6.8.0-51-generic linux-modules-extra-6.8.0-52-generic
  linux-modules-extra-6.8.0-55-generic linux-modules-extra-6.8.0-57-generic
  linux-modules-extra-6.8.0-58-generic linux-modules-extra-6.8.0-60-generic
  linux-modules-extra-6.8.0-62-generic linux-modules-extra-6.8.0-63-generic
  linux-modules-extra-6.8.0-64-generic linux-modules-extra-6.8.0-71-generic
Use 'sudo apt autoremove' to remove them.
0 upgraded, 0 newly installed, 0 to remove and 0 not upgraded.
DEBIAN_FRONTEND=noninteractive DEBIAN_PRIORITY=critical apt-get purge --yes ntpdate
Reading package lists...
Building dependency tree...
Reading state information...
Package 'ntpdate' is not installed, so not removed
The following packages were automatically installed and are no longer required:
  linux-headers-6.8.0-49 linux-headers-6.8.0-49-generic linux-headers-6.8.0-51
  linux-headers-6.8.0-51-generic linux-headers-6.8.0-52
  linux-headers-6.8.0-52-generic linux-headers-6.8.0-55
  linux-headers-6.8.0-55-generic linux-headers-6.8.0-57
  linux-headers-6.8.0-57-generic linux-headers-6.8.0-58
  linux-headers-6.8.0-58-generic linux-headers-6.8.0-60
  linux-headers-6.8.0-60-generic linux-headers-6.8.0-62
  linux-headers-6.8.0-62-generic linux-headers-6.8.0-63
  linux-headers-6.8.0-63-generic linux-headers-6.8.0-64
  linux-headers-6.8.0-64-generic linux-headers-6.8.0-71
  linux-headers-6.8.0-71-generic linux-image-6.8.0-49-generic
  linux-image-6.8.0-51-generic linux-image-6.8.0-52-generic
  linux-image-6.8.0-55-generic linux-image-6.8.0-57-generic
  linux-image-6.8.0-58-generic linux-image-6.8.0-60-generic
  linux-image-6.8.0-62-generic linux-image-6.8.0-63-generic
  linux-image-6.8.0-64-generic linux-image-6.8.0-71-generic
  linux-modules-6.8.0-49-generic linux-modules-6.8.0-51-generic
  linux-modules-6.8.0-52-generic linux-modules-6.8.0-55-generic
  linux-modules-6.8.0-57-generic linux-modules-6.8.0-58-generic
  linux-modules-6.8.0-60-generic linux-modules-6.8.0-62-generic
  linux-modules-6.8.0-63-generic linux-modules-6.8.0-64-generic
  linux-modules-6.8.0-71-generic linux-modules-extra-6.8.0-49-generic
  linux-modules-extra-6.8.0-51-generic linux-modules-extra-6.8.0-52-generic
  linux-modules-extra-6.8.0-55-generic linux-modules-extra-6.8.0-57-generic
  linux-modules-extra-6.8.0-58-generic linux-modules-extra-6.8.0-60-generic
  linux-modules-extra-6.8.0-62-generic linux-modules-extra-6.8.0-63-generic
  linux-modules-extra-6.8.0-64-generic linux-modules-extra-6.8.0-71-generic
Use 'sudo apt autoremove' to remove them.
0 upgraded, 0 newly installed, 0 to remove and 0 not upgraded.
DEBIAN_FRONTEND=noninteractive DEBIAN_PRIORITY=critical apt-get purge --yes postfix
Reading package lists...
Building dependency tree...
Reading state information...
Package 'postfix' is not installed, so not removed
The following packages were automatically installed and are no longer required:
  linux-headers-6.8.0-49 linux-headers-6.8.0-49-generic linux-headers-6.8.0-51
  linux-headers-6.8.0-51-generic linux-headers-6.8.0-52
  linux-headers-6.8.0-52-generic linux-headers-6.8.0-55
  linux-headers-6.8.0-55-generic linux-headers-6.8.0-57
  linux-headers-6.8.0-57-generic linux-headers-6.8.0-58
  linux-headers-6.8.0-58-generic linux-headers-6.8.0-60
  linux-headers-6.8.0-60-generic linux-headers-6.8.0-62
  linux-headers-6.8.0-62-generic linux-headers-6.8.0-63
  linux-headers-6.8.0-63-generic linux-headers-6.8.0-64
  linux-headers-6.8.0-64-generic linux-headers-6.8.0-71
  linux-headers-6.8.0-71-generic linux-image-6.8.0-49-generic
  linux-image-6.8.0-51-generic linux-image-6.8.0-52-generic
  linux-image-6.8.0-55-generic linux-image-6.8.0-57-generic
  linux-image-6.8.0-58-generic linux-image-6.8.0-60-generic
  linux-image-6.8.0-62-generic linux-image-6.8.0-63-generic
  linux-image-6.8.0-64-generic linux-image-6.8.0-71-generic
  linux-modules-6.8.0-49-generic linux-modules-6.8.0-51-generic
  linux-modules-6.8.0-52-generic linux-modules-6.8.0-55-generic
  linux-modules-6.8.0-57-generic linux-modules-6.8.0-58-generic
  linux-modules-6.8.0-60-generic linux-modules-6.8.0-62-generic
  linux-modules-6.8.0-63-generic linux-modules-6.8.0-64-generic
  linux-modules-6.8.0-71-generic linux-modules-extra-6.8.0-49-generic
  linux-modules-extra-6.8.0-51-generic linux-modules-extra-6.8.0-52-generic
  linux-modules-extra-6.8.0-55-generic linux-modules-extra-6.8.0-57-generic
  linux-modules-extra-6.8.0-58-generic linux-modules-extra-6.8.0-60-generic
  linux-modules-extra-6.8.0-62-generic linux-modules-extra-6.8.0-63-generic
  linux-modules-extra-6.8.0-64-generic linux-modules-extra-6.8.0-71-generic
Use 'sudo apt autoremove' to remove them.
0 upgraded, 0 newly installed, 0 to remove and 0 not upgraded.
DEBIAN_FRONTEND=noninteractive DEBIAN_PRIORITY=critical apt-get purge --yes pulseaudio
Reading package lists...
Building dependency tree...
Reading state information...
Package 'pulseaudio' is not installed, so not removed
The following packages were automatically installed and are no longer required:
  linux-headers-6.8.0-49 linux-headers-6.8.0-49-generic linux-headers-6.8.0-51
  linux-headers-6.8.0-51-generic linux-headers-6.8.0-52
  linux-headers-6.8.0-52-generic linux-headers-6.8.0-55
  linux-headers-6.8.0-55-generic linux-headers-6.8.0-57
  linux-headers-6.8.0-57-generic linux-headers-6.8.0-58
  linux-headers-6.8.0-58-generic linux-headers-6.8.0-60
  linux-headers-6.8.0-60-generic linux-headers-6.8.0-62
  linux-headers-6.8.0-62-generic linux-headers-6.8.0-63
  linux-headers-6.8.0-63-generic linux-headers-6.8.0-64
  linux-headers-6.8.0-64-generic linux-headers-6.8.0-71
  linux-headers-6.8.0-71-generic linux-image-6.8.0-49-generic
  linux-image-6.8.0-51-generic linux-image-6.8.0-52-generic
  linux-image-6.8.0-55-generic linux-image-6.8.0-57-generic
  linux-image-6.8.0-58-generic linux-image-6.8.0-60-generic
  linux-image-6.8.0-62-generic linux-image-6.8.0-63-generic
  linux-image-6.8.0-64-generic linux-image-6.8.0-71-generic
  linux-modules-6.8.0-49-generic linux-modules-6.8.0-51-generic
  linux-modules-6.8.0-52-generic linux-modules-6.8.0-55-generic
  linux-modules-6.8.0-57-generic linux-modules-6.8.0-58-generic
  linux-modules-6.8.0-60-generic linux-modules-6.8.0-62-generic
  linux-modules-6.8.0-63-generic linux-modules-6.8.0-64-generic
  linux-modules-6.8.0-71-generic linux-modules-extra-6.8.0-49-generic
  linux-modules-extra-6.8.0-51-generic linux-modules-extra-6.8.0-52-generic
  linux-modules-extra-6.8.0-55-generic linux-modules-extra-6.8.0-57-generic
  linux-modules-extra-6.8.0-58-generic linux-modules-extra-6.8.0-60-generic
  linux-modules-extra-6.8.0-62-generic linux-modules-extra-6.8.0-63-generic
  linux-modules-extra-6.8.0-64-generic linux-modules-extra-6.8.0-71-generic
Use 'sudo apt autoremove' to remove them.
0 upgraded, 0 newly installed, 0 to remove and 0 not upgraded.
DEBIAN_FRONTEND=noninteractive DEBIAN_PRIORITY=critical apt-get purge --yes pulseaudio-module-bluetooth
Reading package lists...
Building dependency tree...
Reading state information...
Package 'pulseaudio-module-bluetooth' is not installed, so not removed
The following packages were automatically installed and are no longer required:
  linux-headers-6.8.0-49 linux-headers-6.8.0-49-generic linux-headers-6.8.0-51
  linux-headers-6.8.0-51-generic linux-headers-6.8.0-52
  linux-headers-6.8.0-52-generic linux-headers-6.8.0-55
  linux-headers-6.8.0-55-generic linux-headers-6.8.0-57
  linux-headers-6.8.0-57-generic linux-headers-6.8.0-58
  linux-headers-6.8.0-58-generic linux-headers-6.8.0-60
  linux-headers-6.8.0-60-generic linux-headers-6.8.0-62
  linux-headers-6.8.0-62-generic linux-headers-6.8.0-63
  linux-headers-6.8.0-63-generic linux-headers-6.8.0-64
  linux-headers-6.8.0-64-generic linux-headers-6.8.0-71
  linux-headers-6.8.0-71-generic linux-image-6.8.0-49-generic
  linux-image-6.8.0-51-generic linux-image-6.8.0-52-generic
  linux-image-6.8.0-55-generic linux-image-6.8.0-57-generic
  linux-image-6.8.0-58-generic linux-image-6.8.0-60-generic
  linux-image-6.8.0-62-generic linux-image-6.8.0-63-generic
  linux-image-6.8.0-64-generic linux-image-6.8.0-71-generic
  linux-modules-6.8.0-49-generic linux-modules-6.8.0-51-generic
  linux-modules-6.8.0-52-generic linux-modules-6.8.0-55-generic
  linux-modules-6.8.0-57-generic linux-modules-6.8.0-58-generic
  linux-modules-6.8.0-60-generic linux-modules-6.8.0-62-generic
  linux-modules-6.8.0-63-generic linux-modules-6.8.0-64-generic
  linux-modules-6.8.0-71-generic linux-modules-extra-6.8.0-49-generic
  linux-modules-extra-6.8.0-51-generic linux-modules-extra-6.8.0-52-generic
  linux-modules-extra-6.8.0-55-generic linux-modules-extra-6.8.0-57-generic
  linux-modules-extra-6.8.0-58-generic linux-modules-extra-6.8.0-60-generic
  linux-modules-extra-6.8.0-62-generic linux-modules-extra-6.8.0-63-generic
  linux-modules-extra-6.8.0-64-generic linux-modules-extra-6.8.0-71-generic
Use 'sudo apt autoremove' to remove them.
0 upgraded, 0 newly installed, 0 to remove and 0 not upgraded.
DEBIAN_FRONTEND=noninteractive DEBIAN_PRIORITY=critical apt-get purge --yes qt5ct
Reading package lists...
Building dependency tree...
Reading state information...
Package 'qt5ct' is not installed, so not removed
The following packages were automatically installed and are no longer required:
  linux-headers-6.8.0-49 linux-headers-6.8.0-49-generic linux-headers-6.8.0-51
  linux-headers-6.8.0-51-generic linux-headers-6.8.0-52
  linux-headers-6.8.0-52-generic linux-headers-6.8.0-55
  linux-headers-6.8.0-55-generic linux-headers-6.8.0-57
  linux-headers-6.8.0-57-generic linux-headers-6.8.0-58
  linux-headers-6.8.0-58-generic linux-headers-6.8.0-60
  linux-headers-6.8.0-60-generic linux-headers-6.8.0-62
  linux-headers-6.8.0-62-generic linux-headers-6.8.0-63
  linux-headers-6.8.0-63-generic linux-headers-6.8.0-64
  linux-headers-6.8.0-64-generic linux-headers-6.8.0-71
  linux-headers-6.8.0-71-generic linux-image-6.8.0-49-generic
  linux-image-6.8.0-51-generic linux-image-6.8.0-52-generic
  linux-image-6.8.0-55-generic linux-image-6.8.0-57-generic
  linux-image-6.8.0-58-generic linux-image-6.8.0-60-generic
  linux-image-6.8.0-62-generic linux-image-6.8.0-63-generic
  linux-image-6.8.0-64-generic linux-image-6.8.0-71-generic
  linux-modules-6.8.0-49-generic linux-modules-6.8.0-51-generic
  linux-modules-6.8.0-52-generic linux-modules-6.8.0-55-generic
  linux-modules-6.8.0-57-generic linux-modules-6.8.0-58-generic
  linux-modules-6.8.0-60-generic linux-modules-6.8.0-62-generic
  linux-modules-6.8.0-63-generic linux-modules-6.8.0-64-generic
  linux-modules-6.8.0-71-generic linux-modules-extra-6.8.0-49-generic
  linux-modules-extra-6.8.0-51-generic linux-modules-extra-6.8.0-52-generic
  linux-modules-extra-6.8.0-55-generic linux-modules-extra-6.8.0-57-generic
  linux-modules-extra-6.8.0-58-generic linux-modules-extra-6.8.0-60-generic
  linux-modules-extra-6.8.0-62-generic linux-modules-extra-6.8.0-63-generic
  linux-modules-extra-6.8.0-64-generic linux-modules-extra-6.8.0-71-generic
Use 'sudo apt autoremove' to remove them.
0 upgraded, 0 newly installed, 0 to remove and 0 not upgraded.
DEBIAN_FRONTEND=noninteractive DEBIAN_PRIORITY=critical apt-get purge --yes redshift-gtk
Reading package lists...
Building dependency tree...
Reading state information...
Package 'redshift-gtk' is not installed, so not removed
The following packages were automatically installed and are no longer required:
  linux-headers-6.8.0-49 linux-headers-6.8.0-49-generic linux-headers-6.8.0-51
  linux-headers-6.8.0-51-generic linux-headers-6.8.0-52
  linux-headers-6.8.0-52-generic linux-headers-6.8.0-55
  linux-headers-6.8.0-55-generic linux-headers-6.8.0-57
  linux-headers-6.8.0-57-generic linux-headers-6.8.0-58
  linux-headers-6.8.0-58-generic linux-headers-6.8.0-60
  linux-headers-6.8.0-60-generic linux-headers-6.8.0-62
  linux-headers-6.8.0-62-generic linux-headers-6.8.0-63
  linux-headers-6.8.0-63-generic linux-headers-6.8.0-64
  linux-headers-6.8.0-64-generic linux-headers-6.8.0-71
  linux-headers-6.8.0-71-generic linux-image-6.8.0-49-generic
  linux-image-6.8.0-51-generic linux-image-6.8.0-52-generic
  linux-image-6.8.0-55-generic linux-image-6.8.0-57-generic
  linux-image-6.8.0-58-generic linux-image-6.8.0-60-generic
  linux-image-6.8.0-62-generic linux-image-6.8.0-63-generic
  linux-image-6.8.0-64-generic linux-image-6.8.0-71-generic
  linux-modules-6.8.0-49-generic linux-modules-6.8.0-51-generic
  linux-modules-6.8.0-52-generic linux-modules-6.8.0-55-generic
  linux-modules-6.8.0-57-generic linux-modules-6.8.0-58-generic
  linux-modules-6.8.0-60-generic linux-modules-6.8.0-62-generic
  linux-modules-6.8.0-63-generic linux-modules-6.8.0-64-generic
  linux-modules-6.8.0-71-generic linux-modules-extra-6.8.0-49-generic
  linux-modules-extra-6.8.0-51-generic linux-modules-extra-6.8.0-52-generic
  linux-modules-extra-6.8.0-55-generic linux-modules-extra-6.8.0-57-generic
  linux-modules-extra-6.8.0-58-generic linux-modules-extra-6.8.0-60-generic
  linux-modules-extra-6.8.0-62-generic linux-modules-extra-6.8.0-63-generic
  linux-modules-extra-6.8.0-64-generic linux-modules-extra-6.8.0-71-generic
Use 'sudo apt autoremove' to remove them.
0 upgraded, 0 newly installed, 0 to remove and 0 not upgraded.
DEBIAN_FRONTEND=noninteractive DEBIAN_PRIORITY=critical apt-get purge --yes xfce4-statusnotifier-plugin
Reading package lists...
Building dependency tree...
Reading state information...
E: Unable to locate package xfce4-statusnotifier-plugin
Error - Return code: 100
DEBIAN_FRONTEND=noninteractive DEBIAN_PRIORITY=critical apt-get purge --yes xfce4-volumed
Reading package lists...
Building dependency tree...
Reading state information...
E: Unable to locate package xfce4-volumed
Error - Return code: 100
DEBIAN_FRONTEND=noninteractive DEBIAN_PRIORITY=critical apt-get purge --yes youtube-dl
Reading package lists...
Building dependency tree...
Reading state information...
Package 'youtube-dl' is not installed, so not removed
The following packages were automatically installed and are no longer required:
  linux-headers-6.8.0-49 linux-headers-6.8.0-49-generic linux-headers-6.8.0-51
  linux-headers-6.8.0-51-generic linux-headers-6.8.0-52
  linux-headers-6.8.0-52-generic linux-headers-6.8.0-55
  linux-headers-6.8.0-55-generic linux-headers-6.8.0-57
  linux-headers-6.8.0-57-generic linux-headers-6.8.0-58
  linux-headers-6.8.0-58-generic linux-headers-6.8.0-60
  linux-headers-6.8.0-60-generic linux-headers-6.8.0-62
  linux-headers-6.8.0-62-generic linux-headers-6.8.0-63
  linux-headers-6.8.0-63-generic linux-headers-6.8.0-64
  linux-headers-6.8.0-64-generic linux-headers-6.8.0-71
  linux-headers-6.8.0-71-generic linux-image-6.8.0-49-generic
  linux-image-6.8.0-51-generic linux-image-6.8.0-52-generic
  linux-image-6.8.0-55-generic linux-image-6.8.0-57-generic
  linux-image-6.8.0-58-generic linux-image-6.8.0-60-generic
  linux-image-6.8.0-62-generic linux-image-6.8.0-63-generic
  linux-image-6.8.0-64-generic linux-image-6.8.0-71-generic
  linux-modules-6.8.0-49-generic linux-modules-6.8.0-51-generic
  linux-modules-6.8.0-52-generic linux-modules-6.8.0-55-generic
  linux-modules-6.8.0-57-generic linux-modules-6.8.0-58-generic
  linux-modules-6.8.0-60-generic linux-modules-6.8.0-62-generic
  linux-modules-6.8.0-63-generic linux-modules-6.8.0-64-generic
  linux-modules-6.8.0-71-generic linux-modules-extra-6.8.0-49-generic
  linux-modules-extra-6.8.0-51-generic linux-modules-extra-6.8.0-52-generic
  linux-modules-extra-6.8.0-55-generic linux-modules-extra-6.8.0-57-generic
  linux-modules-extra-6.8.0-58-generic linux-modules-extra-6.8.0-60-generic
  linux-modules-extra-6.8.0-62-generic linux-modules-extra-6.8.0-63-generic
  linux-modules-extra-6.8.0-64-generic linux-modules-extra-6.8.0-71-generic
Use 'sudo apt autoremove' to remove them.
0 upgraded, 0 newly installed, 0 to remove and 0 not upgraded.
Running autoremove to remove unused packages
DEBIAN_FRONTEND=noninteractive DEBIAN_PRIORITY=critical apt-get --purge autoremove --yes
Reading package lists...
Building dependency tree...
Reading state information...
The following packages will be REMOVED:
  linux-headers-6.8.0-49* linux-headers-6.8.0-49-generic*
  linux-headers-6.8.0-51* linux-headers-6.8.0-51-generic*
  linux-headers-6.8.0-52* linux-headers-6.8.0-52-generic*
  linux-headers-6.8.0-55* linux-headers-6.8.0-55-generic*
  linux-headers-6.8.0-57* linux-headers-6.8.0-57-generic*
  linux-headers-6.8.0-58* linux-headers-6.8.0-58-generic*
  linux-headers-6.8.0-60* linux-headers-6.8.0-60-generic*
  linux-headers-6.8.0-62* linux-headers-6.8.0-62-generic*
  linux-headers-6.8.0-63* linux-headers-6.8.0-63-generic*
  linux-headers-6.8.0-64* linux-headers-6.8.0-64-generic*
  linux-headers-6.8.0-71* linux-headers-6.8.0-71-generic*
  linux-image-6.8.0-49-generic* linux-image-6.8.0-51-generic*
  linux-image-6.8.0-52-generic* linux-image-6.8.0-55-generic*
  linux-image-6.8.0-57-generic* linux-image-6.8.0-58-generic*
  linux-image-6.8.0-60-generic* linux-image-6.8.0-62-generic*
  linux-image-6.8.0-63-generic* linux-image-6.8.0-64-generic*
  linux-image-6.8.0-71-generic* linux-modules-6.8.0-49-generic*
  linux-modules-6.8.0-51-generic* linux-modules-6.8.0-52-generic*
  linux-modules-6.8.0-55-generic* linux-modules-6.8.0-57-generic*
  linux-modules-6.8.0-58-generic* linux-modules-6.8.0-60-generic*
  linux-modules-6.8.0-62-generic* linux-modules-6.8.0-63-generic*
  linux-modules-6.8.0-64-generic* linux-modules-6.8.0-71-generic*
  linux-modules-extra-6.8.0-49-generic* linux-modules-extra-6.8.0-51-generic*
  linux-modules-extra-6.8.0-52-generic* linux-modules-extra-6.8.0-55-generic*
  linux-modules-extra-6.8.0-57-generic* linux-modules-extra-6.8.0-58-generic*
  linux-modules-extra-6.8.0-60-generic* linux-modules-extra-6.8.0-62-generic*
  linux-modules-extra-6.8.0-63-generic* linux-modules-extra-6.8.0-64-generic*
  linux-modules-extra-6.8.0-71-generic*
0 upgraded, 0 newly installed, 55 to remove and 0 not upgraded.
After this operation, 3094 MB disk space will be freed.
(Reading database ... (Reading database ... 5%(Reading database ... 10%(Reading database ... 15%(Reading database ... 20%(Reading database ... 25%(Reading database ... 30%(Reading database ... 35%(Reading database ... 40%(Reading database ... 45%(Reading database ... 50%(Reading database ... 55%(Reading database ... 60%(Reading database ... 65%(Reading database ... 70%(Reading database ... 75%(Reading database ... 80%(Reading database ... 85%(Reading database ... 90%(Reading database ... 95%(Reading database ... 100%(Reading database ... 1120039 files and directories currently installed.)
Removing linux-headers-6.8.0-49-generic (6.8.0-49.49) ...
Removing linux-headers-6.8.0-49 (6.8.0-49.49) ...
Removing linux-headers-6.8.0-51-generic (6.8.0-51.52) ...
Removing linux-headers-6.8.0-51 (6.8.0-51.52) ...
Removing linux-headers-6.8.0-52-generic (6.8.0-52.53) ...
Removing linux-headers-6.8.0-52 (6.8.0-52.53) ...
Removing linux-headers-6.8.0-55-generic (6.8.0-55.57) ...
Removing linux-headers-6.8.0-55 (6.8.0-55.57) ...
Removing linux-headers-6.8.0-57-generic (6.8.0-57.59) ...
Removing linux-headers-6.8.0-57 (6.8.0-57.59) ...
Removing linux-headers-6.8.0-58-generic (6.8.0-58.60) ...
Removing linux-headers-6.8.0-58 (6.8.0-58.60) ...
Removing linux-headers-6.8.0-60-generic (6.8.0-60.63) ...
Removing linux-headers-6.8.0-60 (6.8.0-60.63) ...
Removing linux-headers-6.8.0-62-generic (6.8.0-62.65) ...
Removing linux-headers-6.8.0-62 (6.8.0-62.65) ...
Removing linux-headers-6.8.0-63-generic (6.8.0-63.66) ...
Removing linux-headers-6.8.0-63 (6.8.0-63.66) ...
Removing linux-headers-6.8.0-64-generic (6.8.0-64.67) ...
Removing linux-headers-6.8.0-64 (6.8.0-64.67) ...
Removing linux-headers-6.8.0-71-generic (6.8.0-71.71) ...
Removing linux-headers-6.8.0-71 (6.8.0-71.71) ...
Removing linux-image-6.8.0-49-generic (6.8.0-49.49) ...
/etc/kernel/postrm.d/initramfs-tools:
update-initramfs: Deleting /boot/initrd.img-6.8.0-49-generic
/etc/kernel/postrm.d/zz-update-grub:
Sourcing file `/etc/default/grub'
Sourcing file `/etc/default/grub.d/50_linuxmint.cfg'
Generating grub configuration file ...
Found linux image: /boot/vmlinuz-6.8.0-85-generic
Found initrd image: /boot/initrd.img-6.8.0-85-generic
Found linux image: /boot/vmlinuz-6.8.0-83-generic
Found initrd image: /boot/initrd.img-6.8.0-83-generic
Found linux image: /boot/vmlinuz-6.8.0-71-generic
Found initrd image: /boot/initrd.img-6.8.0-71-generic
Found linux image: /boot/vmlinuz-6.8.0-64-generic
Found initrd image: /boot/initrd.img-6.8.0-64-generic
Found linux image: /boot/vmlinuz-6.8.0-63-generic
Found initrd image: /boot/initrd.img-6.8.0-63-generic
Found linux image: /boot/vmlinuz-6.8.0-62-generic
Found initrd image: /boot/initrd.img-6.8.0-62-generic
Found linux image: /boot/vmlinuz-6.8.0-60-generic
Found initrd image: /boot/initrd.img-6.8.0-60-generic
Found linux image: /boot/vmlinuz-6.8.0-58-generic
Found initrd image: /boot/initrd.img-6.8.0-58-generic
Found linux image: /boot/vmlinuz-6.8.0-57-generic
Found initrd image: /boot/initrd.img-6.8.0-57-generic
Found linux image: /boot/vmlinuz-6.8.0-55-generic
Found initrd image: /boot/initrd.img-6.8.0-55-generic
Found linux image: /boot/vmlinuz-6.8.0-52-generic
Found initrd image: /boot/initrd.img-6.8.0-52-generic
Found linux image: /boot/vmlinuz-6.8.0-51-generic
Found initrd image: /boot/initrd.img-6.8.0-51-generic
Warning: os-prober will be executed to detect other bootable partitions.
Its output will be used to detect bootable binaries on them and create new boot entries.
Adding boot menu entry for UEFI Firmware Settings ...
done
Removing linux-image-6.8.0-51-generic (6.8.0-51.52) ...
/etc/kernel/postrm.d/initramfs-tools:
update-initramfs: Deleting /boot/initrd.img-6.8.0-51-generic
/etc/kernel/postrm.d/zz-update-grub:
Sourcing file `/etc/default/grub'
Sourcing file `/etc/default/grub.d/50_linuxmint.cfg'
Generating grub configuration file ...
Found linux image: /boot/vmlinuz-6.8.0-85-generic
Found initrd image: /boot/initrd.img-6.8.0-85-generic
Found linux image: /boot/vmlinuz-6.8.0-83-generic
Found initrd image: /boot/initrd.img-6.8.0-83-generic
Found linux image: /boot/vmlinuz-6.8.0-71-generic
Found initrd image: /boot/initrd.img-6.8.0-71-generic
Found linux image: /boot/vmlinuz-6.8.0-64-generic
Found initrd image: /boot/initrd.img-6.8.0-64-generic
Found linux image: /boot/vmlinuz-6.8.0-63-generic
Found initrd image: /boot/initrd.img-6.8.0-63-generic
Found linux image: /boot/vmlinuz-6.8.0-62-generic
Found initrd image: /boot/initrd.img-6.8.0-62-generic
Found linux image: /boot/vmlinuz-6.8.0-60-generic
Found initrd image: /boot/initrd.img-6.8.0-60-generic
Found linux image: /boot/vmlinuz-6.8.0-58-generic
Found initrd image: /boot/initrd.img-6.8.0-58-generic
Found linux image: /boot/vmlinuz-6.8.0-57-generic
Found initrd image: /boot/initrd.img-6.8.0-57-generic
Found linux image: /boot/vmlinuz-6.8.0-55-generic
Found initrd image: /boot/initrd.img-6.8.0-55-generic
Found linux image: /boot/vmlinuz-6.8.0-52-generic
Found initrd image: /boot/initrd.img-6.8.0-52-generic
Warning: os-prober will be executed to detect other bootable partitions.
Its output will be used to detect bootable binaries on them and create new boot entries.
Adding boot menu entry for UEFI Firmware Settings ...
done
Removing linux-image-6.8.0-52-generic (6.8.0-52.53) ...
/etc/kernel/postrm.d/initramfs-tools:
update-initramfs: Deleting /boot/initrd.img-6.8.0-52-generic
/etc/kernel/postrm.d/zz-update-grub:
Sourcing file `/etc/default/grub'
Sourcing file `/etc/default/grub.d/50_linuxmint.cfg'
Generating grub configuration file ...
Found linux image: /boot/vmlinuz-6.8.0-85-generic
Found initrd image: /boot/initrd.img-6.8.0-85-generic
Found linux image: /boot/vmlinuz-6.8.0-83-generic
Found initrd image: /boot/initrd.img-6.8.0-83-generic
Found linux image: /boot/vmlinuz-6.8.0-71-generic
Found initrd image: /boot/initrd.img-6.8.0-71-generic
Found linux image: /boot/vmlinuz-6.8.0-64-generic
Found initrd image: /boot/initrd.img-6.8.0-64-generic
Found linux image: /boot/vmlinuz-6.8.0-63-generic
Found initrd image: /boot/initrd.img-6.8.0-63-generic
Found linux image: /boot/vmlinuz-6.8.0-62-generic
Found initrd image: /boot/initrd.img-6.8.0-62-generic
Found linux image: /boot/vmlinuz-6.8.0-60-generic
Found initrd image: /boot/initrd.img-6.8.0-60-generic
Found linux image: /boot/vmlinuz-6.8.0-58-generic
Found initrd image: /boot/initrd.img-6.8.0-58-generic
Found linux image: /boot/vmlinuz-6.8.0-57-generic
Found initrd image: /boot/initrd.img-6.8.0-57-generic
Found linux image: /boot/vmlinuz-6.8.0-55-generic
Found initrd image: /boot/initrd.img-6.8.0-55-generic
Warning: os-prober will be executed to detect other bootable partitions.
Its output will be used to detect bootable binaries on them and create new boot entries.
Adding boot menu entry for UEFI Firmware Settings ...
done
Removing linux-image-6.8.0-55-generic (6.8.0-55.57) ...
/etc/kernel/postrm.d/initramfs-tools:
update-initramfs: Deleting /boot/initrd.img-6.8.0-55-generic
/etc/kernel/postrm.d/zz-update-grub:
Sourcing file `/etc/default/grub'
Sourcing file `/etc/default/grub.d/50_linuxmint.cfg'
Generating grub configuration file ...
Found linux image: /boot/vmlinuz-6.8.0-85-generic
Found initrd image: /boot/initrd.img-6.8.0-85-generic
Found linux image: /boot/vmlinuz-6.8.0-83-generic
Found initrd image: /boot/initrd.img-6.8.0-83-generic
Found linux image: /boot/vmlinuz-6.8.0-71-generic
Found initrd image: /boot/initrd.img-6.8.0-71-generic
Found linux image: /boot/vmlinuz-6.8.0-64-generic
Found initrd image: /boot/initrd.img-6.8.0-64-generic
Found linux image: /boot/vmlinuz-6.8.0-63-generic
Found initrd image: /boot/initrd.img-6.8.0-63-generic
Found linux image: /boot/vmlinuz-6.8.0-62-generic
Found initrd image: /boot/initrd.img-6.8.0-62-generic
Found linux image: /boot/vmlinuz-6.8.0-60-generic
Found initrd image: /boot/initrd.img-6.8.0-60-generic
Found linux image: /boot/vmlinuz-6.8.0-58-generic
Found initrd image: /boot/initrd.img-6.8.0-58-generic
Found linux image: /boot/vmlinuz-6.8.0-57-generic
Found initrd image: /boot/initrd.img-6.8.0-57-generic
Warning: os-prober will be executed to detect other bootable partitions.
Its output will be used to detect bootable binaries on them and create new boot entries.
Adding boot menu entry for UEFI Firmware Settings ...
done
Removing linux-image-6.8.0-57-generic (6.8.0-57.59) ...
/etc/kernel/postrm.d/initramfs-tools:
update-initramfs: Deleting /boot/initrd.img-6.8.0-57-generic
/etc/kernel/postrm.d/zz-update-grub:
Sourcing file `/etc/default/grub'
Sourcing file `/etc/default/grub.d/50_linuxmint.cfg'
Generating grub configuration file ...
Found linux image: /boot/vmlinuz-6.8.0-85-generic
Found initrd image: /boot/initrd.img-6.8.0-85-generic
Found linux image: /boot/vmlinuz-6.8.0-83-generic
Found initrd image: /boot/initrd.img-6.8.0-83-generic
Found linux image: /boot/vmlinuz-6.8.0-71-generic
Found initrd image: /boot/initrd.img-6.8.0-71-generic
Found linux image: /boot/vmlinuz-6.8.0-64-generic
Found initrd image: /boot/initrd.img-6.8.0-64-generic
Found linux image: /boot/vmlinuz-6.8.0-63-generic
Found initrd image: /boot/initrd.img-6.8.0-63-generic
Found linux image: /boot/vmlinuz-6.8.0-62-generic
Found initrd image: /boot/initrd.img-6.8.0-62-generic
Found linux image: /boot/vmlinuz-6.8.0-60-generic
Found initrd image: /boot/initrd.img-6.8.0-60-generic
Found linux image: /boot/vmlinuz-6.8.0-58-generic
Found initrd image: /boot/initrd.img-6.8.0-58-generic
Warning: os-prober will be executed to detect other bootable partitions.
Its output will be used to detect bootable binaries on them and create new boot entries.
Adding boot menu entry for UEFI Firmware Settings ...
done
Removing linux-image-6.8.0-58-generic (6.8.0-58.60+1) ...
/etc/kernel/postrm.d/initramfs-tools:
update-initramfs: Deleting /boot/initrd.img-6.8.0-58-generic
/etc/kernel/postrm.d/zz-update-grub:
Sourcing file `/etc/default/grub'
Sourcing file `/etc/default/grub.d/50_linuxmint.cfg'
Generating grub configuration file ...
Found linux image: /boot/vmlinuz-6.8.0-85-generic
Found initrd image: /boot/initrd.img-6.8.0-85-generic
Found linux image: /boot/vmlinuz-6.8.0-83-generic
Found initrd image: /boot/initrd.img-6.8.0-83-generic
Found linux image: /boot/vmlinuz-6.8.0-71-generic
Found initrd image: /boot/initrd.img-6.8.0-71-generic
Found linux image: /boot/vmlinuz-6.8.0-64-generic
Found initrd image: /boot/initrd.img-6.8.0-64-generic
Found linux image: /boot/vmlinuz-6.8.0-63-generic
Found initrd image: /boot/initrd.img-6.8.0-63-generic
Found linux image: /boot/vmlinuz-6.8.0-62-generic
Found initrd image: /boot/initrd.img-6.8.0-62-generic
Found linux image: /boot/vmlinuz-6.8.0-60-generic
Found initrd image: /boot/initrd.img-6.8.0-60-generic
Warning: os-prober will be executed to detect other bootable partitions.
Its output will be used to detect bootable binaries on them and create new boot entries.
Adding boot menu entry for UEFI Firmware Settings ...
done
Removing linux-image-6.8.0-60-generic (6.8.0-60.63) ...
/etc/kernel/prerm.d/dkms:
dkms: removing: virtualbox 7.0.16 (6.8.0-60-generic) (x86_64)
Module virtualbox-7.0.16 for kernel 6.8.0-60-generic (x86_64).
Before uninstall, this module version was ACTIVE on this kernel.

vboxdrv.ko.zst:
 - Uninstallation
   - Deleting from: /lib/modules/6.8.0-60-generic/updates/dkms/
 - Original module
   - No original module was found for this module on this kernel.
   - Use the dkms install command to reinstall any previous module version.

vboxnetadp.ko.zst:
 - Uninstallation
   - Deleting from: /lib/modules/6.8.0-60-generic/updates/dkms/
 - Original module
   - No original module was found for this module on this kernel.
   - Use the dkms install command to reinstall any previous module version.

vboxnetflt.ko.zst:
 - Uninstallation
   - Deleting from: /lib/modules/6.8.0-60-generic/updates/dkms/
 - Original module
   - No original module was found for this module on this kernel.
   - Use the dkms install command to reinstall any previous module version.
depmod....
/etc/kernel/postrm.d/initramfs-tools:
update-initramfs: Deleting /boot/initrd.img-6.8.0-60-generic
/etc/kernel/postrm.d/zz-update-grub:
Sourcing file `/etc/default/grub'
Sourcing file `/etc/default/grub.d/50_linuxmint.cfg'
Generating grub configuration file ...
Found linux image: /boot/vmlinuz-6.8.0-85-generic
Found initrd image: /boot/initrd.img-6.8.0-85-generic
Found linux image: /boot/vmlinuz-6.8.0-83-generic
Found initrd image: /boot/initrd.img-6.8.0-83-generic
Found linux image: /boot/vmlinuz-6.8.0-71-generic
Found initrd image: /boot/initrd.img-6.8.0-71-generic
Found linux image: /boot/vmlinuz-6.8.0-64-generic
Found initrd image: /boot/initrd.img-6.8.0-64-generic
Found linux image: /boot/vmlinuz-6.8.0-63-generic
Found initrd image: /boot/initrd.img-6.8.0-63-generic
Found linux image: /boot/vmlinuz-6.8.0-62-generic
Found initrd image: /boot/initrd.img-6.8.0-62-generic
Warning: os-prober will be executed to detect other bootable partitions.
Its output will be used to detect bootable binaries on them and create new boot entries.
Adding boot menu entry for UEFI Firmware Settings ...
done
Removing linux-image-6.8.0-62-generic (6.8.0-62.65) ...
/etc/kernel/prerm.d/dkms:
dkms: removing: virtualbox 7.0.16 (6.8.0-62-generic) (x86_64)
Module virtualbox-7.0.16 for kernel 6.8.0-62-generic (x86_64).
Before uninstall, this module version was ACTIVE on this kernel.

vboxdrv.ko.zst:
 - Uninstallation
   - Deleting from: /lib/modules/6.8.0-62-generic/updates/dkms/
 - Original module
   - No original module was found for this module on this kernel.
   - Use the dkms install command to reinstall any previous module version.

vboxnetadp.ko.zst:
 - Uninstallation
   - Deleting from: /lib/modules/6.8.0-62-generic/updates/dkms/
 - Original module
   - No original module was found for this module on this kernel.
   - Use the dkms install command to reinstall any previous module version.

vboxnetflt.ko.zst:
 - Uninstallation
   - Deleting from: /lib/modules/6.8.0-62-generic/updates/dkms/
 - Original module
   - No original module was found for this module on this kernel.
   - Use the dkms install command to reinstall any previous module version.
depmod....
/etc/kernel/postrm.d/initramfs-tools:
update-initramfs: Deleting /boot/initrd.img-6.8.0-62-generic
/etc/kernel/postrm.d/zz-update-grub:
Sourcing file `/etc/default/grub'
Sourcing file `/etc/default/grub.d/50_linuxmint.cfg'
Generating grub configuration file ...
Found linux image: /boot/vmlinuz-6.8.0-85-generic
Found initrd image: /boot/initrd.img-6.8.0-85-generic
Found linux image: /boot/vmlinuz-6.8.0-83-generic
Found initrd image: /boot/initrd.img-6.8.0-83-generic
Found linux image: /boot/vmlinuz-6.8.0-71-generic
Found initrd image: /boot/initrd.img-6.8.0-71-generic
Found linux image: /boot/vmlinuz-6.8.0-64-generic
Found initrd image: /boot/initrd.img-6.8.0-64-generic
Found linux image: /boot/vmlinuz-6.8.0-63-generic
Found initrd image: /boot/initrd.img-6.8.0-63-generic
Warning: os-prober will be executed to detect other bootable partitions.
Its output will be used to detect bootable binaries on them and create new boot entries.
Adding boot menu entry for UEFI Firmware Settings ...
done
Removing linux-image-6.8.0-63-generic (6.8.0-63.66) ...
/etc/kernel/prerm.d/dkms:
dkms: removing: virtualbox 7.0.16 (6.8.0-63-generic) (x86_64)
Module virtualbox-7.0.16 for kernel 6.8.0-63-generic (x86_64).
Before uninstall, this module version was ACTIVE on this kernel.

vboxdrv.ko.zst:
 - Uninstallation
   - Deleting from: /lib/modules/6.8.0-63-generic/updates/dkms/
 - Original module
   - No original module was found for this module on this kernel.
   - Use the dkms install command to reinstall any previous module version.

vboxnetadp.ko.zst:
 - Uninstallation
   - Deleting from: /lib/modules/6.8.0-63-generic/updates/dkms/
 - Original module
   - No original module was found for this module on this kernel.
   - Use the dkms install command to reinstall any previous module version.

vboxnetflt.ko.zst:
 - Uninstallation
   - Deleting from: /lib/modules/6.8.0-63-generic/updates/dkms/
 - Original module
   - No original module was found for this module on this kernel.
   - Use the dkms install command to reinstall any previous module version.
depmod....
/etc/kernel/postrm.d/initramfs-tools:
update-initramfs: Deleting /boot/initrd.img-6.8.0-63-generic
/etc/kernel/postrm.d/zz-update-grub:
Sourcing file `/etc/default/grub'
Sourcing file `/etc/default/grub.d/50_linuxmint.cfg'
Generating grub configuration file ...
Found linux image: /boot/vmlinuz-6.8.0-85-generic
Found initrd image: /boot/initrd.img-6.8.0-85-generic
Found linux image: /boot/vmlinuz-6.8.0-83-generic
Found initrd image: /boot/initrd.img-6.8.0-83-generic
Found linux image: /boot/vmlinuz-6.8.0-71-generic
Found initrd image: /boot/initrd.img-6.8.0-71-generic
Found linux image: /boot/vmlinuz-6.8.0-64-generic
Found initrd image: /boot/initrd.img-6.8.0-64-generic
Warning: os-prober will be executed to detect other bootable partitions.
Its output will be used to detect bootable binaries on them and create new boot entries.
Adding boot menu entry for UEFI Firmware Settings ...
done
Removing linux-image-6.8.0-64-generic (6.8.0-64.67) ...
/etc/kernel/prerm.d/dkms:
dkms: removing: virtualbox 7.0.16 (6.8.0-64-generic) (x86_64)
Module virtualbox-7.0.16 for kernel 6.8.0-64-generic (x86_64).
Before uninstall, this module version was ACTIVE on this kernel.

vboxdrv.ko.zst:
 - Uninstallation
   - Deleting from: /lib/modules/6.8.0-64-generic/updates/dkms/
 - Original module
   - No original module was found for this module on this kernel.
   - Use the dkms install command to reinstall any previous module version.

vboxnetadp.ko.zst:
 - Uninstallation
   - Deleting from: /lib/modules/6.8.0-64-generic/updates/dkms/
 - Original module
   - No original module was found for this module on this kernel.
   - Use the dkms install command to reinstall any previous module version.

vboxnetflt.ko.zst:
 - Uninstallation
   - Deleting from: /lib/modules/6.8.0-64-generic/updates/dkms/
 - Original module
   - No original module was found for this module on this kernel.
   - Use the dkms install command to reinstall any previous module version.
depmod....
/etc/kernel/postrm.d/initramfs-tools:
update-initramfs: Deleting /boot/initrd.img-6.8.0-64-generic
/etc/kernel/postrm.d/zz-update-grub:
Sourcing file `/etc/default/grub'
Sourcing file `/etc/default/grub.d/50_linuxmint.cfg'
Generating grub configuration file ...
Found linux image: /boot/vmlinuz-6.8.0-85-generic
Found initrd image: /boot/initrd.img-6.8.0-85-generic
Found linux image: /boot/vmlinuz-6.8.0-83-generic
Found initrd image: /boot/initrd.img-6.8.0-83-generic
Found linux image: /boot/vmlinuz-6.8.0-71-generic
Found initrd image: /boot/initrd.img-6.8.0-71-generic
Warning: os-prober will be executed to detect other bootable partitions.
Its output will be used to detect bootable binaries on them and create new boot entries.
Adding boot menu entry for UEFI Firmware Settings ...
done
Removing linux-image-6.8.0-71-generic (6.8.0-71.71) ...
/etc/kernel/prerm.d/dkms:
dkms: removing: virtualbox 7.0.16 (6.8.0-71-generic) (x86_64)
Module virtualbox-7.0.16 for kernel 6.8.0-71-generic (x86_64).
Before uninstall, this module version was ACTIVE on this kernel.

vboxdrv.ko.zst:
 - Uninstallation
   - Deleting from: /lib/modules/6.8.0-71-generic/updates/dkms/
 - Original module
   - No original module was found for this module on this kernel.
   - Use the dkms install command to reinstall any previous module version.

vboxnetadp.ko.zst:
 - Uninstallation
   - Deleting from: /lib/modules/6.8.0-71-generic/updates/dkms/
 - Original module
   - No original module was found for this module on this kernel.
   - Use the dkms install command to reinstall any previous module version.

vboxnetflt.ko.zst:
 - Uninstallation
   - Deleting from: /lib/modules/6.8.0-71-generic/updates/dkms/
 - Original module
   - No original module was found for this module on this kernel.
   - Use the dkms install command to reinstall any previous module version.
depmod....
/etc/kernel/postrm.d/initramfs-tools:
update-initramfs: Deleting /boot/initrd.img-6.8.0-71-generic
/etc/kernel/postrm.d/zz-update-grub:
Sourcing file `/etc/default/grub'
Sourcing file `/etc/default/grub.d/50_linuxmint.cfg'
Generating grub configuration file ...
Found linux image: /boot/vmlinuz-6.8.0-85-generic
Found initrd image: /boot/initrd.img-6.8.0-85-generic
Found linux image: /boot/vmlinuz-6.8.0-83-generic
Found initrd image: /boot/initrd.img-6.8.0-83-generic
Warning: os-prober will be executed to detect other bootable partitions.
Its output will be used to detect bootable binaries on them and create new boot entries.
Adding boot menu entry for UEFI Firmware Settings ...
done
Removing linux-modules-extra-6.8.0-49-generic (6.8.0-49.49) ...
Removing linux-modules-6.8.0-49-generic (6.8.0-49.49) ...
Removing linux-modules-extra-6.8.0-51-generic (6.8.0-51.52) ...
Removing linux-modules-6.8.0-51-generic (6.8.0-51.52) ...
Removing linux-modules-extra-6.8.0-52-generic (6.8.0-52.53) ...
Removing linux-modules-6.8.0-52-generic (6.8.0-52.53) ...
Removing linux-modules-extra-6.8.0-55-generic (6.8.0-55.57) ...
Removing linux-modules-6.8.0-55-generic (6.8.0-55.57) ...
Removing linux-modules-extra-6.8.0-57-generic (6.8.0-57.59) ...
Removing linux-modules-6.8.0-57-generic (6.8.0-57.59) ...
Removing linux-modules-extra-6.8.0-58-generic (6.8.0-58.60) ...
Removing linux-modules-6.8.0-58-generic (6.8.0-58.60) ...
Removing linux-modules-extra-6.8.0-60-generic (6.8.0-60.63) ...
Removing linux-modules-6.8.0-60-generic (6.8.0-60.63) ...
Removing linux-modules-extra-6.8.0-62-generic (6.8.0-62.65) ...
Removing linux-modules-6.8.0-62-generic (6.8.0-62.65) ...
Removing linux-modules-extra-6.8.0-63-generic (6.8.0-63.66) ...
Removing linux-modules-6.8.0-63-generic (6.8.0-63.66) ...
Removing linux-modules-extra-6.8.0-64-generic (6.8.0-64.67) ...
Removing linux-modules-6.8.0-64-generic (6.8.0-64.67) ...
Removing linux-modules-extra-6.8.0-71-generic (6.8.0-71.71) ...
Removing linux-modules-6.8.0-71-generic (6.8.0-71.71) ...
(Reading database ... (Reading database ... 5%(Reading database ... 10%(Reading database ... 15%(Reading database ... 20%(Reading database ... 25%(Reading database ... 30%(Reading database ... 35%(Reading database ... 40%(Reading database ... 45%(Reading database ... 50%(Reading database ... 55%(Reading database ... 60%(Reading database ... 65%(Reading database ... 70%(Reading database ... 75%(Reading database ... 80%(Reading database ... 85%(Reading database ... 90%(Reading database ... 95%(Reading database ... 100%(Reading database ... 702218 files and directories currently installed.)
Purging configuration files for linux-modules-6.8.0-58-generic (6.8.0-58.60) ...
dpkg: warning: while removing linux-modules-6.8.0-58-generic, directory '/lib/modules/6.8.0-58-generic' not empty so not removed
Purging configuration files for linux-modules-extra-6.8.0-60-generic (6.8.0-60.63) ...
Purging configuration files for linux-modules-extra-6.8.0-52-generic (6.8.0-52.53) ...
Purging configuration files for linux-image-6.8.0-55-generic (6.8.0-55.57) ...
Purging configuration files for linux-modules-extra-6.8.0-64-generic (6.8.0-64.67) ...
Purging configuration files for linux-modules-6.8.0-62-generic (6.8.0-62.65) ...
dpkg: warning: while removing linux-modules-6.8.0-62-generic, directory '/lib/modules/6.8.0-62-generic' not empty so not removed
Purging configuration files for linux-modules-extra-6.8.0-51-generic (6.8.0-51.52) ...
Purging configuration files for linux-modules-6.8.0-60-generic (6.8.0-60.63) ...
dpkg: warning: while removing linux-modules-6.8.0-60-generic, directory '/lib/modules/6.8.0-60-generic' not empty so not removed
Purging configuration files for linux-modules-6.8.0-63-generic (6.8.0-63.66) ...
dpkg: warning: while removing linux-modules-6.8.0-63-generic, directory '/lib/modules/6.8.0-63-generic' not empty so not removed
Purging configuration files for linux-image-6.8.0-57-generic (6.8.0-57.59) ...
Purging configuration files for linux-modules-6.8.0-51-generic (6.8.0-51.52) ...
dpkg: warning: while removing linux-modules-6.8.0-51-generic, directory '/lib/modules/6.8.0-51-generic' not empty so not removed
Purging configuration files for linux-image-6.8.0-58-generic (6.8.0-58.60+1) ...
Purging configuration files for linux-modules-extra-6.8.0-55-generic (6.8.0-55.57) ...
Purging configuration files for linux-image-6.8.0-49-generic (6.8.0-49.49) ...
Purging configuration files for linux-image-6.8.0-60-generic (6.8.0-60.63) ...
Purging configuration files for linux-modules-6.8.0-71-generic (6.8.0-71.71) ...
dpkg: warning: while removing linux-modules-6.8.0-71-generic, directory '/lib/modules/6.8.0-71-generic' not empty so not removed
Purging configuration files for linux-modules-extra-6.8.0-71-generic (6.8.0-71.71) ...
Purging configuration files for linux-modules-extra-6.8.0-62-generic (6.8.0-62.65) ...
Purging configuration files for linux-image-6.8.0-62-generic (6.8.0-62.65) ...
Purging configuration files for linux-image-6.8.0-63-generic (6.8.0-63.66) ...
Purging configuration files for linux-image-6.8.0-64-generic (6.8.0-64.67) ...
Purging configuration files for linux-modules-extra-6.8.0-49-generic (6.8.0-49.49) ...
Purging configuration files for linux-modules-extra-6.8.0-57-generic (6.8.0-57.59) ...
Purging configuration files for linux-modules-6.8.0-57-generic (6.8.0-57.59) ...
Purging configuration files for linux-modules-6.8.0-49-generic (6.8.0-49.49) ...
Purging configuration files for linux-image-6.8.0-52-generic (6.8.0-52.53) ...
Purging configuration files for linux-modules-extra-6.8.0-63-generic (6.8.0-63.66) ...
Purging configuration files for linux-modules-6.8.0-55-generic (6.8.0-55.57) ...
Purging configuration files for linux-modules-6.8.0-64-generic (6.8.0-64.67) ...
Purging configuration files for linux-modules-extra-6.8.0-58-generic (6.8.0-58.60) ...
Purging configuration files for linux-modules-6.8.0-52-generic (6.8.0-52.53) ...
Purging configuration files for linux-image-6.8.0-51-generic (6.8.0-51.52) ...
Purging configuration files for linux-image-6.8.0-71-generic (6.8.0-71.71) ...
Running apt-get clean
DEBIAN_FRONTEND=noninteractive DEBIAN_PRIORITY=critical apt-get clean
Running update-initramfs -u
update-initramfs -u
update-initramfs: Generating /boot/initrd.img-6.8.0-85-generic
Check succeeded:  Final phase
Upgrade successful! You can now close this terminal and reboot your computer.
